\BOOKMARK [1][-]{section.1}{\376\377\000E\000i\000n\000l\000e\000i\000t\000u\000n\000g}{}% 1
\BOOKMARK [2][-]{subsection.1.1}{\376\377\000A\000u\000t\000o\000m\000a\000t\000i\000s\000c\000h\000e\000\040\000M\000u\000s\000i\000k\000t\000r\000a\000n\000k\000s\000r\000i\000p\000t\000i\000o\000n}{section.1}% 2
\BOOKMARK [2][-]{subsection.1.2}{\376\377\000G\000r\000u\000n\000d\000l\000e\000g\000e\000n\000d\000e\000\040\000B\000e\000g\000r\000i\000f\000f\000e\000\040\000i\000n\000\040\000A\000M\000T\000-\000S\000y\000s\000t\000e\000m\000e\000n}{section.1}% 3
\BOOKMARK [2][-]{subsection.1.3}{\376\377\000H\000e\000r\000a\000u\000s\000f\000o\000r\000d\000e\000r\000u\000n\000g\000e\000n\000\040\000u\000n\000d\000\040\000H\000i\000n\000d\000e\000r\000n\000i\000s\000s\000e}{section.1}% 4
\BOOKMARK [2][-]{subsection.1.4}{\376\377\000A\000n\000w\000e\000n\000d\000u\000n\000g\000s\000f\000e\000l\000d\000e\000r\000\040\000u\000n\000d\000\040\000V\000o\000r\000t\000e\000i\000l\000e}{section.1}% 5
\BOOKMARK [2][-]{subsection.1.5}{\376\377\000A\000M\000T\000\040\000u\000n\000d\000\040\000K\000\374\000n\000s\000t\000l\000i\000c\000h\000e\000\040\000I\000n\000t\000e\000l\000l\000i\000g\000e\000n\000z}{section.1}% 6
\BOOKMARK [2][-]{subsection.1.6}{\376\377\000M\000o\000t\000i\000v\000a\000t\000i\000o\000n\000,\000\040\000Z\000i\000e\000l\000s\000e\000t\000z\000u\000n\000g\000\040\000u\000n\000d\000\040\000A\000b\000l\000a\000u\000f}{section.1}% 7
\BOOKMARK [1][-]{section.2}{\376\377\000G\000e\000s\000c\000h\000i\000c\000h\000t\000l\000i\000c\000h\000e\000\040\000E\000n\000t\000w\000i\000c\000k\000l\000u\000n\000g\000\040\000v\000o\000n\000\040\000A\000M\000T\000-\000S\000y\000s\000t\000e\000m\000e\000n}{}% 8
\BOOKMARK [2][-]{subsection.2.1}{\376\377\000M\000o\000o\000r\000e\000r\000\040\000u\000n\000d\000\040\000d\000a\000s\000\040\000e\000r\000s\000t\000e\000\040\000A\000M\000T\000-\000S\000y\000s\000t\000e\000m}{section.2}% 9
\BOOKMARK [3][-]{subsubsection.2.1.1}{\376\377\000G\000r\000u\000n\000d\000l\000e\000g\000e\000n\000d\000e\000\040\000P\000r\000o\000b\000l\000e\000m\000e}{subsection.2.1}% 10
\BOOKMARK [3][-]{subsubsection.2.1.2}{\376\377\000D\000e\000r\000\040\000A\000u\000f\000b\000a\000u\000\040\000v\000o\000n\000\040\000M\000o\000o\000r\000e\000r\000s\000\040\000A\000M\000T\000-\000S\000y\000s\000t\000e\000m}{subsection.2.1}% 11
\BOOKMARK [2][-]{subsection.2.2}{\376\377\000H\000i\000d\000d\000e\000n\000\040\000M\000a\000r\000k\000o\000v\000\040\000M\000o\000d\000e\000l\000l\000e}{section.2}% 12
\BOOKMARK [2][-]{subsection.2.3}{\376\377\000D\000a\000t\000e\000n\000s\000\344\000t\000z\000e\000\040\000f\000\374\000r\000\040\000A\000M\000T\000-\000S\000y\000s\000t\000e\000m\000e}{section.2}% 13
\BOOKMARK [2][-]{subsection.2.4}{\376\377\000P\000o\000l\000y\000p\000h\000o\000n\000e\000\040\000A\000M\000T\000-\000S\000y\000s\000t\000e\000m\000e}{section.2}% 14
\BOOKMARK [3][-]{subsubsection.2.4.1}{\376\377\000B\000l\000a\000c\000k\000b\000o\000a\000r\000d\000-\000S\000y\000s\000t\000e\000m}{subsection.2.4}% 15
\BOOKMARK [3][-]{subsubsection.2.4.2}{\376\377\000R\000A\000S\000T\000A\000-\000b\000a\000s\000i\000e\000r\000t\000e\000s\000\040\000S\000y\000s\000t\000e\000m}{subsection.2.4}% 16
\BOOKMARK [2][-]{subsection.2.5}{\376\377\000E\000i\000n\000b\000i\000n\000d\000u\000n\000g\000\040\000v\000o\000n\000\040\000K\000\374\000n\000s\000t\000l\000i\000c\000h\000e\000r\000\040\000I\000n\000t\000e\000l\000l\000i\000g\000e\000n\000z}{section.2}% 17
\BOOKMARK [1][-]{section.3}{\376\377\000H\000i\000n\000d\000e\000r\000n\000i\000s\000s\000e\000\040\000M\000o\000d\000e\000r\000n\000e\000r\000\040\000A\000M\000T\000-\000S\000y\000s\000t\000e\000m\000e}{}% 18
\BOOKMARK [2][-]{subsection.3.1}{\376\377\000O\000n\000s\000e\000t\000\040\000D\000e\000t\000e\000c\000t\000i\000o\000n}{section.3}% 19
\BOOKMARK [2][-]{subsection.3.2}{\376\377\000P\000o\000l\000y\000p\000h\000o\000n\000i\000e}{section.3}% 20
\BOOKMARK [2][-]{subsection.3.3}{\376\377\000S\000p\000e\000z\000i\000e\000l\000l\000e\000\040\000I\000n\000s\000t\000r\000u\000m\000e\000n\000t\000e}{section.3}% 21
\BOOKMARK [2][-]{subsection.3.4}{\376\377\000N\000o\000t\000e\000n\000d\000a\000u\000e\000r}{section.3}% 22
\BOOKMARK [2][-]{subsection.3.5}{\376\377\000R\000e\000a\000l\000e\000\040\000A\000u\000d\000i\000o\000a\000u\000f\000n\000a\000h\000m\000e\000n}{section.3}% 23
\BOOKMARK [2][-]{subsection.3.6}{\376\377\000F\000r\000a\000m\000e\000-\000b\000a\000s\000i\000e\000r\000t\000e\000\040\000v\000s\000\040\000E\000v\000e\000n\000t\000-\000b\000a\000s\000i\000e\000r\000t\000e\000\040\000A\000M\000T\000-\000S\000y\000s\000t\000e\000m\000e}{section.3}% 24
\BOOKMARK [2][-]{subsection.3.7}{\376\377\000B\000l\000a\000c\000k\000b\000o\000x\000\040\000v\000o\000n\000\040\000K\000I\000-\000M\000o\000d\000e\000l\000l\000e\000n}{section.3}% 25
\BOOKMARK [1][-]{section.4}{\376\377\000K\000I\000-\000M\000o\000d\000e\000l\000l\000e\000\040\000i\000n\000\040\000A\000M\000T\000-\000S\000y\000s\000t\000e\000m\000e\000n}{}% 26
\BOOKMARK [2][-]{subsection.4.1}{\376\377\000C\000o\000n\000v\000o\000l\000u\000t\000i\000o\000n\000a\000l\000\040\000N\000e\000u\000r\000a\000l\000\040\000N\000e\000t\000w\000o\000r\000k\000s}{section.4}% 27
\BOOKMARK [3][-]{subsubsection.4.1.1}{\376\377\000L\000a\000y\000e\000r\000\040\000e\000i\000n\000e\000s\000\040\000C\000N\000N\000s}{subsection.4.1}% 28
\BOOKMARK [3][-]{subsubsection.4.1.2}{\376\377\000G\000e\000s\000c\000h\000i\000c\000h\000t\000l\000i\000c\000h\000e\000\040\000E\000i\000n\000o\000r\000d\000n\000u\000n\000g\000\040\000v\000o\000n\000\040\000C\000N\000N\000s}{subsection.4.1}% 29
\BOOKMARK [2][-]{subsection.4.2}{\376\377\000R\000e\000c\000u\000r\000r\000e\000n\000t\000\040\000N\000e\000u\000r\000a\000l\000\040\000N\000e\000t\000w\000o\000r\000k\000s}{section.4}% 30
\BOOKMARK [3][-]{subsubsection.4.2.1}{\376\377\000G\000r\000u\000n\000d\000s\000t\000r\000u\000k\000t\000u\000r\000\040\000e\000i\000n\000e\000s\000\040\000R\000N\000N\000s}{subsection.4.2}% 31
\BOOKMARK [3][-]{subsubsection.4.2.2}{\376\377\000L\000o\000n\000g\000\040\000S\000h\000o\000r\000t\000-\000T\000e\000r\000m\000\040\000M\000e\000m\000o\000r\000y}{subsection.4.2}% 32
\BOOKMARK [3][-]{subsubsection.4.2.3}{\376\377\000G\000a\000t\000e\000d\000\040\000R\000e\000c\000u\000r\000r\000e\000n\000t\000\040\000U\000n\000i\000t\000s}{subsection.4.2}% 33
\BOOKMARK [3][-]{subsubsection.4.2.4}{\376\377\000B\000i\000d\000i\000r\000e\000k\000t\000i\000o\000n\000a\000l\000e\000\040\000R\000N\000N\000s}{subsection.4.2}% 34
\BOOKMARK [3][-]{subsubsection.4.2.5}{\376\377\000G\000e\000s\000c\000h\000i\000c\000h\000t\000l\000i\000c\000h\000e\000\040\000E\000i\000n\000o\000r\000d\000n\000u\000n\000g\000\040\000v\000o\000n\000\040\000R\000N\000N\000s}{subsection.4.2}% 35
\BOOKMARK [2][-]{subsection.4.3}{\376\377\000T\000r\000a\000n\000s\000f\000o\000r\000m\000e\000r\000s}{section.4}% 36
\BOOKMARK [3][-]{subsubsection.4.3.1}{\376\377\000I\000n\000p\000u\000t\000\040\000E\000m\000b\000e\000d\000d\000i\000n\000g\000\040\000u\000n\000d\000\040\000P\000o\000s\000i\000t\000i\000o\000n\000\040\000E\000n\000c\000o\000d\000i\000n\000g}{subsection.4.3}% 37
\BOOKMARK [3][-]{subsubsection.4.3.2}{\376\377\000S\000e\000l\000f\000-\000A\000t\000t\000e\000n\000t\000i\000o\000n\000\040\000L\000a\000y\000e\000r}{subsection.4.3}% 38
\BOOKMARK [3][-]{subsubsection.4.3.3}{\376\377\000F\000e\000e\000d\000f\000o\000r\000w\000a\000r\000d\000\040\000L\000a\000y\000e\000r}{subsection.4.3}% 39
\BOOKMARK [3][-]{subsubsection.4.3.4}{\376\377\000G\000e\000s\000c\000h\000i\000c\000h\000t\000l\000i\000c\000h\000e\000\040\000E\000i\000n\000o\000r\000d\000n\000u\000n\000g\000\040\000v\000o\000n\000\040\000T\000r\000a\000n\000s\000f\000o\000r\000m\000e\000r\000n}{subsection.4.3}% 40
\BOOKMARK [2][-]{subsection.4.4}{\376\377\000P\000o\000t\000e\000n\000t\000i\000e\000l\000l\000e\000\040\000K\000I\000-\000M\000o\000d\000e\000l\000l\000e}{section.4}% 41
\BOOKMARK [1][-]{section.5}{\376\377\000K\000I\000-\000b\000a\000s\000i\000e\000r\000e\000n\000d\000e\000\040\000A\000M\000T\000-\000S\000y\000s\000t\000e\000m\000e\000\040\000i\000m\000\040\000V\000e\000r\000g\000l\000e\000i\000c\000h}{}% 42
\BOOKMARK [2][-]{subsection.5.1}{\376\377\000O\000m\000n\000i\000z\000a\000r\000t}{section.5}% 43
\BOOKMARK [2][-]{subsection.5.2}{\376\377\000M\000T\0003}{section.5}% 44
\BOOKMARK [2][-]{subsection.5.3}{\376\377\000O\000m\000n\000i\000z\000a\000r\000t\000\040\000v\000s\000\040\000M\000T\0003}{section.5}% 45
\BOOKMARK [1][-]{section.6}{\376\377\000F\000a\000z\000i\000t}{}% 46
\BOOKMARK [1][-]{section*.23}{\376\377\000L\000i\000t\000e\000r\000a\000t\000u\000r\000v\000e\000r\000z\000e\000i\000c\000h\000n\000i\000s}{}% 47
